[2025-03-25 18:20:03] local.ERROR: Command "livewire:info" is not defined.

Did you mean one of these?
    livewire:attribute
    livewire:configure-s3-upload-cleanup
    livewire:copy
    livewire:delete
    livewire:form
    livewire:layout
    livewire:make
    livewire:move
    livewire:publish
    livewire:stubs
    livewire:upgrade {"exception":"[object] (Symfony\\Component\\Console\\Exception\\CommandNotFoundException(code: 0): Command \"livewire:info\" is not defined.

Did you mean one of these?
    livewire:attribute
    livewire:configure-s3-upload-cleanup
    livewire:copy
    livewire:delete
    livewire:form
    livewire:layout
    livewire:make
    livewire:move
    livewire:publish
    livewire:stubs
    livewire:upgrade at C:\\wamp64\\www\\geniepay\\vendor\\symfony\\console\\Application.php:704)
[stacktrace]
#0 C:\\wamp64\\www\\geniepay\\vendor\\symfony\\console\\Application.php(260): Symfony\\Component\\Console\\Application->find('livewire:info')
#1 C:\\wamp64\\www\\geniepay\\vendor\\symfony\\console\\Application.php(169): Symfony\\Component\\Console\\Application->doRun(Object(Symfony\\Component\\Console\\Input\\ArgvInput), Object(Symfony\\Component\\Console\\Output\\ConsoleOutput))
#2 C:\\wamp64\\www\\geniepay\\vendor\\laravel\\framework\\src\\Illuminate\\Foundation\\Console\\Kernel.php(196): Symfony\\Component\\Console\\Application->run(Object(Symfony\\Component\\Console\\Input\\ArgvInput), Object(Symfony\\Component\\Console\\Output\\ConsoleOutput))
#3 C:\\wamp64\\www\\geniepay\\vendor\\laravel\\framework\\src\\Illuminate\\Foundation\\Application.php(1187): Illuminate\\Foundation\\Console\\Kernel->handle(Object(Symfony\\Component\\Console\\Input\\ArgvInput), Object(Symfony\\Component\\Console\\Output\\ConsoleOutput))
#4 C:\\wamp64\\www\\geniepay\\artisan(13): Illuminate\\Foundation\\Application->handleCommand(Object(Symfony\\Component\\Console\\Input\\ArgvInput))
#5 {main}
"} 
